!!! Use larger material!!
                                                             JOB: T001       X
                                                         DRAWING: 4A  
                                                         DATE:   10/20/2023
                       HUDSON  PRODUCTS  CORPORATION

                     M A T E R I A L    S U M M A R Y
                     - - - - - - - -    - - - - - - - 
     PIECE   PIECE   MAT'L
     MARK     QTY     I.D.         M A T E R I A L         LENGTH

     - 1        4    11110   PL 67 15/16 X 10 GA(BENT) X  12'- 6 1/2     
       2 R/L    8    11110   PL 92 13/16 X 10 GA(BENT) X  10'- 4 1/2     
       3        8    11399   PL  5 7/16  X 3/16 (BENT) X   8'- 0         
       4       44    12018   L 2 X 2 X 3/16            X   4'-10         
      03R32     8    03R32   STD. QTR. FAN RING ASS'Y 
      03T12     8    03T12   STD. QTR. TOP PANEL

                                            TOTAL NET WEIGHT =   6573#
                                            TOTAL BOLT COUNT =    504

                 M A S T E R - D E T A I L    L I S T I N G
                 - - - - - -   - - - - - -    - - - - - - -
               TO BE USED ONLY W/ MASTER DWG: '3CMB'
               AND ONLY W/ THESE THREE CASES: 'A1', 'D', 'F'
     CODE  INCHES                                      CODE  INCHES

       1 -> 46 1/2                                      18 -> 10 7/16    
       2 ->  2 11/16                                    19 ->  2 11/16   
       3 -> 12                                          20 -> 41 5/8     
       4 -> 10 3/4                                      21 -> 77 3/4     
       5 -> 55 1/2  W/ 4 EQUAL BOLT SPACES              22 ->  2 1/4     
       8 ->  0                                          23 -> 22 3/8     
       9 ->***‡,                                        24 -> 12         
     *10 ->***‡,    W/ 5 UNEQUAL BOLT SPACES            25 -> 62 7/16    
      11 -> 82      W/ 4 EQUAL BOLT SPACES              26 -> 88 3/16    
      13 -> 68 1/4  W/ 3 EQUAL BOLT SPACES              27 ->  4         
      14 -> 90      W/ 4 EQUAL BOLT SPACES              28 ->  2 1/2     
      15 ->114 3/4  W/ 5 EQUAL BOLT SPACES              29 ->  0 15/16   

                  5 STIFF. IN EACH CENTER/END PANEL.->> 30 -> 25 3/4     
                                                        31 -> 25 3/4    
                  6 STIFF. IN EACH SIDE PANEL.------->> 33 -> 21 1/2     
                                                        34 -> 21 1/2    
                                                        35 -> 21 1/2    

     *10(L-TO-R):***‡,  ,***‡,  ,***‡,  ,  0    ,  0         

                                                                       1


______________________________________________________________________

                        INPUT DATA
     JOB NO. ---------------=  T001
     DRAWING NO. -----------= 4A  
     MODEL NO. -------------=  13.0
     TUBE LNG. -------------=  42
     NO. OF ROWS -----------= 6. 
     NO. OF FANS -----------=  2
     UNIT TYPE -------------=  NSVS
     HOOD HGT. -------------= 42.0
     FAN DIAM. -------------= 144.0
     WIND LOAD -------------= 45.0
     PLENUM MATL. CODE -----=  1
     SUMMARY COPIES --------=  1
     UNIT SHIPPING CODE ----=  0
     DRAWING REVISION ------=  0
     UNIT QTY. -------------=   1
     FIRST BUNDLE WIDTH ----=   1.56
     BUNDLE CLEARANCE ------=  0.000
     SECOND BUNDLE WIDTH ---=   0.00
     BUNDLE CLEARANCE ------=  0.000
     THIRD BUNDLE WIDTH ----=   0.00
     BUNDLE CLEARANCE ------=  0.000
     FOURTH BUNDLE WIDHT ---=   0.00
     UNIT CL TO D-ANBLE GA. = 248.0000
     FAN GUARDS ------------=    0
     FAN RING CODE ---------=  0
______________________________________________________________________


     48 COORDINATES FOR T001 - 4A   -  1    

             X               Y

      1)     -3.000             3.000  ( 1
      2)      4.371             3.820  ( 2
      3)     21.915            17.908  ( 3
      4)     39.459            31.995  ( 4
      5)     57.003            46.083  ( 5
      6)     74.547            60.171  ( 6
      7)      4.000             1.250  ( 7
      8)     26.750             1.250  ( 8
      9)     49.500             1.250  ( 9
     10)     72.250             0.939  (10
     11)    146.129             3.820  (11
     12)    128.585            17.908  (12
     13)    111.041            31.995  (13
     14)     93.497            46.083  (14
     15)     75.953            60.171  (15
     16)    146.500             1.250  (16
     17)    123.750             1.250  (17
     18)    101.000             1.250  (18
     19)     78.250             0.939  (19
     20)     75.250             5.875  (20
     21)     75.250            19.750  (21
     22)     75.250            33.625  (22
     23)     75.250            47.500  (23
     24)     75.250            61.375  (24
     25)     49.500             5.875  (25
     26)     49.500            19.750  (26
     27)     49.500            33.625  (27
     28)     49.500            47.500  (28
     29)     49.500            61.375  (29
     30)    101.000             5.875  (30
     31)    101.000            19.750  (31
     32)    101.000            33.625  (32
     33)    101.000            47.500  (33
     34)    101.000            61.375  (34
     35)     23.750             5.875  (35
     36)     23.750            19.750  (36
     37)     23.750            33.625  (37
     38)     23.750            47.500  (38
     39)     23.750            61.375  (39
     40)    126.750             5.875  (40
     41)    126.750            19.750  (41
     42)    126.750            33.625  (42
     43)    126.750            47.500  (43
     44)    126.750            61.375  (44
     45)     80.470            66.689  (45
     46)     80.470            66.689  (46
     47)     80.470            66.689  (47
     48)***********            66.689  (48
______________________________________________________________________


     34 COORDINATES FOR T001 - 4A   -  2 R/L

             X               Y

      1)     -3.000             3.000  ( 1
      2)     46.403             7.346  ( 2
      3)     35.906            27.248  ( 3
      4)     25.410            47.149  ( 4
      5)     14.913            67.051  ( 5
      6)      4.417            86.952  ( 6
      7)     50.500             1.250  ( 7
      8)     73.250             1.250  ( 8
      9)     96.000             1.250  ( 9
     10)    118.750             0.939  (10
     11)      2.500            91.544  (11
     12)     25.450            91.544  (12
     13)     48.400            91.544  (13
     14)     71.350            91.544  (14
     15)     94.300            91.544  (15
     16)    117.250            91.544  (16
     17)    101.750             5.875  (17
     18)    101.750            26.375  (18
     19)    101.750            46.875  (19
     20)    101.750            67.375  (20
     21)    101.750            87.875  (21
     22)     75.250            33.625  (22
     23)     80.250             5.875  (23
     24)     80.250            26.375  (24
     25)     80.250            46.875  (25
     26)     80.250            67.375  (26
     27)     80.250            87.875  (27
     28)     49.500            47.500  (28
     29)     58.750             5.875  (29
     30)     58.750            26.375  (30
     31)     58.750            46.875  (31
     32)     58.750            67.375  (32
     33)     58.750            87.875  (33
     34)    101.000            61.375  (34
 
______________________________________________________________________



                   HUDSON  PRODUCTS  CORPORATION                           X

                       CLIP - MASTER  PROGRAM

JOB & DRAWING : T001 - 4A   -  4    

DATE :  **/
GAUGE FOR M51 PUNCH =  1 1/8"

7777777777777777777777777777777777777777

  1    X1250      M51
 1X  1250M51

  2    X15125     M51
 2X 15125M51

  3    X29000     M51
 3X 29000M51

  4    X42875     M51
 4X 42875M51

  5    X56750     M51
 5X 56750M51

  6    X58000     M53
 6X 58000M53
